# JRE version: OpenJDK Runtime Environment (21.0.8) (build 21.0.8+-14196175-b1038.72)
# Java VM: OpenJDK 64-Bit Server VM (21.0.8+-14196175-b1038.72, mixed mode, tiered, compressed oops, compressed class ptrs, g1 gc, windows-amd64)
GC Precious Log:
 CardTable entry size: 512
 Card Set container configuration: InlinePtr #cards 5 size 8 Array Of Cards #cards 12 size 40 Howl #buckets 4 coarsen threshold 1843 Howl Bitmap #cards 512 size 80 coarsen threshold 460 Card regions per heap region 1 cards per card region 2048
 CPUs: 12 total, 12 available
 Memory: 16163M
 Large Page Support: Disabled
 NUMA Support: Disabled
 Compressed Oops: Enabled (32-bit)
 Heap Region Size: 1M
 Heap Min Capacity: 8M
 Heap Initial Capacity: 254M
 Heap Max Capacity: 2G
 Pre-touch: Disabled
 Parallel Workers: 10
 Concurrent Workers: 3
 Concurrent Refinement Workers: 10
 Periodic GC: Disabled
Heap:
 garbage-first heap   total 153600K, used 125781K [0x0000000080000000, 0x0000000100000000)
  region size 1024K, 34 young (34816K), 7 survivors (7168K)
 Metaspace       used 108768K, committed 110912K, reserved 1179648K
  class space    used 15411K, committed 16448K, reserved 1048576K
GC Heap History (20 events):
Event: 8.648 GC heap before
{Heap before GC invocations=24 (full 0):
 garbage-first heap   total 148480K, used 129737K [0x0000000080000000, 0x0000000100000000)
  region size 1024K, 62 young (63488K), 5 survivors (5120K)
 Metaspace       used 80059K, committed 81920K, reserved 1179648K
  class space    used 11131K, committed 12032K, reserved 1048576K
}
Event: 8.651 GC heap after
{Heap after GC invocations=25 (full 0):
 garbage-first heap   total 148480K, used 73939K [0x0000000080000000, 0x0000000100000000)
  region size 1024K, 2 young (2048K), 2 survivors (2048K)
 Metaspace       used 80059K, committed 81920K, reserved 1179648K
  class space    used 11131K, committed 12032K, reserved 1048576K
}
Event: 8.883 GC heap before
{Heap before GC invocations=25 (full 0):
 garbage-first heap   total 148480K, used 92371K [0x0000000080000000, 0x0000000100000000)
  region size 1024K, 21 young (21504K), 2 survivors (2048K)
 Metaspace       used 82812K, committed 84672K, reserved 1179648K
  class space    used 11532K, committed 12416K, reserved 1048576K
}
Event: 8.887 GC heap after
{Heap after GC invocations=26 (full 0):
 garbage-first heap   total 148480K, used 76024K [0x0000000080000000, 0x0000000100000000)
  region size 1024K, 5 young (5120K), 5 survivors (5120K)
 Metaspace       used 82812K, committed 84672K, reserved 1179648K
  class space    used 11532K, committed 12416K, reserved 1048576K
}
Event: 9.369 GC heap before
{Heap before GC invocations=27 (full 0):
 garbage-first heap   total 148480K, used 136440K [0x0000000080000000, 0x0000000100000000)
  region size 1024K, 59 young (60416K), 5 survivors (5120K)
 Metaspace       used 86094K, committed 88000K, reserved 1179648K
  class space    used 11986K, committed 12928K, reserved 1048576K
}
Event: 9.373 GC heap after
{Heap after GC invocations=28 (full 0):
 garbage-first heap   total 148480K, used 81225K [0x0000000080000000, 0x0000000100000000)
  region size 1024K, 8 young (8192K), 8 survivors (8192K)
 Metaspace       used 86094K, committed 88000K, reserved 1179648K
  class space    used 11986K, committed 12928K, reserved 1048576K
}
Event: 9.848 GC heap before
{Heap before GC invocations=28 (full 0):
 garbage-first heap   total 148480K, used 131401K [0x0000000080000000, 0x0000000100000000)
  region size 1024K, 57 young (58368K), 8 survivors (8192K)
 Metaspace       used 89038K, committed 90944K, reserved 1179648K
  class space    used 12370K, committed 13312K, reserved 1048576K
}
Event: 9.854 GC heap after
{Heap after GC invocations=29 (full 0):
 garbage-first heap   total 148480K, used 84511K [0x0000000080000000, 0x0000000100000000)
  region size 1024K, 5 young (5120K), 5 survivors (5120K)
 Metaspace       used 89038K, committed 90944K, reserved 1179648K
  class space    used 12370K, committed 13312K, reserved 1048576K
}
Event: 10.134 GC heap before
{Heap before GC invocations=29 (full 0):
 garbage-first heap   total 148480K, used 115231K [0x0000000080000000, 0x0000000100000000)
  region size 1024K, 36 young (36864K), 5 survivors (5120K)
 Metaspace       used 91402K, committed 93376K, reserved 1179648K
  class space    used 12717K, committed 13696K, reserved 1048576K
}
Event: 10.138 GC heap after
{Heap after GC invocations=30 (full 0):
 garbage-first heap   total 148480K, used 86584K [0x0000000080000000, 0x0000000100000000)
  region size 1024K, 2 young (2048K), 2 survivors (2048K)
 Metaspace       used 91402K, committed 93376K, reserved 1179648K
  class space    used 12717K, committed 13696K, reserved 1048576K
}
Event: 10.609 GC heap before
{Heap before GC invocations=31 (full 0):
 garbage-first heap   total 148480K, used 136760K [0x0000000080000000, 0x0000000100000000)
  region size 1024K, 50 young (51200K), 2 survivors (2048K)
 Metaspace       used 95406K, committed 97344K, reserved 1179648K
  class space    used 13443K, committed 14400K, reserved 1048576K
}
Event: 10.611 GC heap after
{Heap after GC invocations=32 (full 0):
 garbage-first heap   total 148480K, used 87809K [0x0000000080000000, 0x0000000100000000)
  region size 1024K, 4 young (4096K), 4 survivors (4096K)
 Metaspace       used 95406K, committed 97344K, reserved 1179648K
  class space    used 13443K, committed 14400K, reserved 1048576K
}
Event: 11.213 GC heap before
{Heap before GC invocations=32 (full 0):
 garbage-first heap   total 148480K, used 134913K [0x0000000080000000, 0x0000000100000000)
  region size 1024K, 50 young (51200K), 4 survivors (4096K)
 Metaspace       used 99317K, committed 101376K, reserved 1179648K
  class space    used 13998K, committed 14976K, reserved 1048576K
}
Event: 11.217 GC heap after
{Heap after GC invocations=33 (full 0):
 garbage-first heap   total 148480K, used 88879K [0x0000000080000000, 0x0000000100000000)
  region size 1024K, 6 young (6144K), 6 survivors (6144K)
 Metaspace       used 99317K, committed 101376K, reserved 1179648K
  class space    used 13998K, committed 14976K, reserved 1048576K
}
Event: 11.771 GC heap before
{Heap before GC invocations=33 (full 0):
 garbage-first heap   total 148480K, used 133935K [0x0000000080000000, 0x0000000100000000)
  region size 1024K, 50 young (51200K), 6 survivors (6144K)
 Metaspace       used 102899K, committed 105024K, reserved 1179648K
  class space    used 14576K, committed 15616K, reserved 1048576K
}
Event: 11.776 GC heap after
{Heap after GC invocations=34 (full 0):
 garbage-first heap   total 148480K, used 90615K [0x0000000080000000, 0x0000000100000000)
  region size 1024K, 5 young (5120K), 5 survivors (5120K)
 Metaspace       used 102899K, committed 105024K, reserved 1179648K
  class space    used 14576K, committed 15616K, reserved 1048576K
}
Event: 13.096 GC heap before
{Heap before GC invocations=35 (full 0):
 garbage-first heap   total 152576K, used 134647K [0x0000000080000000, 0x0000000100000000)
  region size 1024K, 48 young (49152K), 5 survivors (5120K)
 Metaspace       used 106366K, committed 108416K, reserved 1179648K
  class space    used 15073K, committed 16064K, reserved 1048576K
}
Event: 13.102 GC heap after
{Heap after GC invocations=36 (full 0):
 garbage-first heap   total 152576K, used 93617K [0x0000000080000000, 0x0000000100000000)
  region size 1024K, 5 young (5120K), 5 survivors (5120K)
 Metaspace       used 106366K, committed 108416K, reserved 1179648K
  class space    used 15073K, committed 16064K, reserved 1048576K
}
Event: 15.595 GC heap before
{Heap before GC invocations=36 (full 0):
 garbage-first heap   total 152576K, used 138673K [0x0000000080000000, 0x0000000100000000)
  region size 1024K, 49 young (50176K), 5 survivors (5120K)
 Metaspace       used 106608K, committed 108672K, reserved 1179648K
  class space    used 15090K, committed 16064K, reserved 1048576K
}
Event: 15.604 GC heap after
{Heap after GC invocations=37 (full 0):
 garbage-first heap   total 153600K, used 100181K [0x0000000080000000, 0x0000000100000000)
  region size 1024K, 7 young (7168K), 7 survivors (7168K)
 Metaspace       used 106608K, committed 108672K, reserved 1179648K
  class space    used 15090K, committed 16064K, reserved 1048576K
}

